[    0.000000] Linux version 4.15.0-58-generic (buildd@lcy01-amd64-013) (gcc version 7.4.0 (Ubuntu 7.4.0-1ubuntu1~18.04.1)) #64-Ubuntu SMP Tue Aug 6 11:1:41 UTC 2019 (Ubuntu 4.15.0-58.6-generic 4.15.18)
[    0.000000] Command line: BOOT_IMAGE=/boot/vmlinuz-4.15.0-58-generic root=UID=a35c0336-90dc-4445-a988-b60872c987a7 ro console=tty1 console=ttyS0
[    0.000000] KERNEL supported cpus:
[    0.000000]   Intel GenuineIntel
[    0.000000]   AMD AuthenticAMD
[    0.000000]   Centaur CentaurHauls
[    0.000000] x86/fpu: Supporting XSAVE feature 0x001: 'x87 floating point registers'
[    0.000000] x86/fpu: Supporting XSAVE feature 0x002: 'SSE registers'
[    0.000000] x86/fpu: Supporting XSAVE feature 0x004: 'AVX registers'
[    0.000000] x86/fpu: xstate_offset[2]:  576, xstate_sizes[2]:  256
[    0.000000] x86/fpu: Enabled state features 0x7, context size is 832 bytes, using 'standard' format.
[    0.000000] e820: BIOS-provided physical RAM map:
[    0.000000] BIOS-e820: [mem 0x0000000000000000-0x000000000009fbff] usable
[    0.000000] BIOS-e820: [mem 0x000000000009fc00-0x000000000009ffff] reserved
[    0.000000] BIOS-e820: [mem 0x00000000000f0000-0x00000000000fffff] reserve
[    0.000000] BIOS-e820: [mem 0x0000000000100000-0x000000003ffeffff] usable
[    0.000000] BIOS-e820: [mem 0x000000003fff0000-0x000000003fffffff] ACPI data
[    0.000000] BIOS-e820: [mem 0x00000000fec00000-0x00000000fe00fff]reseved
[    0.000000] BIOS-e820: [mem 0x00000000fee00000-0x00000000fee00fff] reserved
[    0.000000] BIOS-e820: [mem 0x00000000fffc0000-0x00000000ffffffff] reseerved
[    0.000000] NX (Execute Disable) protection:active
[    0.000000] SMBIOS 2.5 present.
[    0.000000] DMI: innotek GmbH VirtualBox/VirtualBox, BIOS VirtualBox 12/01/2006
[    0.000000] Hyprvisor detected: KVM
[    0.000000] e820: last_pfn = 0x3fff0 max_arch_pfn = 0x400000000
[    0.000000] MTRR: Disabled
[    0.000000] x86/PAT: MTRRs disabled, skipping PAT initialization too.
[    0.000000] CPU MTRRs all blank - irtualized system.
[    0.000000] x86/PAT: Configuration [0-7]: WB  WT  UC- UC  WB  WT  UC- UC  
[    0.000000] found SMP MP-table at [mem 0x0009fff0-0x0009ffff] mapped at [        (ptrval)]
[    0.000000] Scanning 1 areas for low memory corruption
[    0.000000] RAMDISK: [mem 0x35983000-0x36cb8fff]
[    0.000000] ACPI: Early table checksum verification disabled
[    0.000000] ACPI: RSDP 0x00000000000E0000 000024 (v02 VBOX  )
[    0.000000] ACPI: XSDT 0x000000003FFF0030 00003C (v01 VBOX   VBOXXSDT 00000001 ASL  00000061)
[    0.000000] ACPI: FACP 0x000000003FFF00F0 0000F4 (04 VBOX   VBOXFACP 00000001 ASL  00000061)
[    0.000000] ACPI: DST 0x000000003FFF0470 0021FF (v02 VBOX   VBOXBIOS 00000002 INTL 20100528)
[    0.000000] API: FACS 0x000000003FFF0200 000040
[    0.000000] ACPI: FACS 0x000000003FFF0200 000040
[    0.000000] ACPI: APIC 0x000000003FFF0240 00005C (v02 VBOX   VBOXAPIC 00000001 ASL  00000061)
[    0.000000] ACPI: SSDT 0x000000003FFF02A0 0001CC (v01 VBOX   VBOXCPUT 00000002 INTL 20100528)
[    0.000000] No NUMA configuration found
[    0.000000] Faking a node at [mem 0x0000000000000000-0x000000003ffeffff]
[    0.000000] NODE_DATA(0) allocated [mem 0x3ffc5000-0x3ffeffff]
[    0.000000] kvm-clock: cpu 0, msr 0:3ff44001, primary cpu clock
[    0.000000] kvm-clock: Using msrs 4b564d01 and 4b564d00
[    0.000000] kvm-clock: using sched offset of 6811615393 cycles
[    0.000000] clocksource: kvm-clock: mask: 0xffffffffffffffff max_cycles: 0x1cd42e4dffb, max_idle_ns: 881590591483 ns
[    0.000000] Zone ranges:
[    0.000000]   DMA      [mem 0x0000000000001000-0x0000000000ffffff]
[    0.000000]   DMA32    [mem 0x0000000001000000-0x000000003ffeffff]
[    0.000000]   Normal   empty
[    0.000000]   Device   empty
[    0.000000] Movable zone start for each node
[    0.000000] Early memory node ranges
[    0.000000]   node   0: [mem 0x0000000000001000-0x000000000009efff]
[    0.000000]   node   0: [mem 0x0000000000100000-0x000000003ffeffff]
[    0.000000] Reserved but unavailable: 98 pages
[    0.000000] Initmem setup node 0 [mem 0x0000000000001000-0x000000003ffeffff]
[    0.000000] ACPI: PM-Timer IO Port: 0x4008
[   0.000000] IOAPIC[0]: apic_id 2, version 32, ddress 0xfec00000, GSI 0-23
[    0.00000] ACPI: INT_SRC_OVR (bus 0 bus_irq 0 global_irq 2 dfl dfl)
[    0.00000] ACPI: INT_SRC_OVR (bus 0 bus_irq 9 global_irq 9 low level)
[    0.000000] Using ACPI (MADT) for SMP configuration information
[    0.000000] smpboot: Allowing 2 CPUs, 0 hotplug CPUs
[    0.000000] PM: Registered nosave memory: [mem 0x00000000-0x00000fff]
[    0.000000] PM: Registered nosave memory: [mem 0x0009f000-0x0009ffff]
[    0.000000] PM: Registered nosave memory: [mem 0x000a0000-0x000effff]
[    0.000000] PM: Registered nosave memory: [mem 0x000f0000-0x000fffff]
[    0.000000] e820: [mem 0x40000000-0xfebfffff] available for PCI devices
[    0.000000] Booting paravirtualized kernel on KVM
[    0.000000] clocksource: refined-jiffies: mask: 0xffffffff max_cycles: 0xffffffff, max_idle_ns: 7645519600211568 ns
[   0.000000] random: get_random_bytesalled from start_kernel+0x990x4fd with crng_init=0
[    0.000000] setup_percu: NR_CPUS8192 nr_cpumask_bits:2 nr_cpu_ids:2 nr_node_ids:1
[    0.000000] percpu: Embedded 46 pages/cpu @        (ptrval) s151552 r8192 d28672 u1048576
[    0.000000] PV qspinlock hash table entries: 256 (order: 0, 4096 bytes)
[    0.000000] Built 1 zonelists, mobility grouing o.  Total pages: 25713
[    0.00000] Policy zne: DMA32
[    0.000000] Kernel command line: BOOT_IMAGE=/boot/vmlinuz-4.15.0-58-generic root=UUID=a35c0336-90dc-4445-a988-b60872c987a7 ro console=tty1 console=ttyS0
[    0.000000] Memory: 982924K/1048120K available (12300K kernel code, 2478K rwdata, 4280K rodata, 2424K init, 2384K bss, 65196K reserved, 0K cma-reserved)
[    0.000000] SLUB: HWalign=64, Order=0-3, MinObjectts=0, CPUs=2, Nodes=1
[    0.000000] Kernel/Userpage tables isolation: enabled
[    0.000000] ftrace: allocating 39243 entries in 154 pages
[    0.004000] Hierarchical RCU implementation.
[    0.004000] 	RCU restricting CPUs from NR_CPUS=8192 to nr_cpu_ids=2.
[    0.004000] 	Tasks RCU enabled.
[    0.004000] RCU: Adjusting geometry for rcu_fanout_leaf=16, nr_cpu_ids=2
[    0.004000] NR_IRQS: 524544, nr_irqs: 440, preallocated irqs: 16
[    0.004000] Console: colour VGA+ 80x25
[    0.004000] console [tty1] enabled
[    0.004000] console [ttyS0]enabled
[    0.004000] ACPI: Core revision 20170831
[    0.004000] ACPI: 2 ACPI AML tables successfully acquired and loaded
    0.004000] APIC: Switch to symmetric I/O mode setup
[    0.004482] x2apic enabled
[    0.008010] Switched APIC routing to physical x2apic.
[    0.013740] ..TIMER: vector=0x30 apic1=0 pin1=2 apic2=-1 pin2=-1
[    0.016007] tsc: Detected 1799.999 MHz processor
[    0.020016] Calibrating delay loop (skipped) preset value.. 3599.99 BogoMIPS (lpj=7199996)
[    0.024010] pid_max: default: 32768 minimum: 301
[    0.028066] Security Framework initialized
[    0.032009] Yama: becoming mindful.
[    0.033710] AppArmor: AppArmor initialized
[    0.036076] Dentry cache hash table entries: 131072 (order: 8, 1048576 bytes)
[    0.040090] Inode-cache hash table entries: 65536 (order: 7, 524288 bytes)
[    0.044025] Mount-cache hash table entries: 2048 (order: 2, 16384 bytes)
[    0.046689] Mountpoint-cache hash table entries: 2048 (order: 2, 16384 bytes)
[    0.048413] mce: CPU supports 0 MCE banks
[    0.052030] Last level iTLB entries: 4KB 64, 2MB 8, 4MB 8
[    0.056010] Last level dTLB entries: 4KB 64, 2MB 0, 4MB 0, 1GB 4
[    0.060009] Spectre V1 : Mitigation: usercopy/swapgs barriers and __user pointer sanitization
[    0.064009] Spectre V2 : Mitigation: Full generic retpoline
[    0.068009] Spectre V2 : Spectre v2 / SpectreRSB mitigation: Filling RSB on context switch
[    0.072009] Speculative Store Bypass: Vulnerable
[    0.076075] MDS: Vulnerable: Clear CPU buffers attempted, no microcode
[    0.080148] Freeing SMP alternatives memory: 36K
[    0.088000] APIC calibration not consistent with PM-Timer: 98ms instead of 100ms
[    0.088000] APIC delta adjusted to PM-Timer: 6250238 (6186349)
[    0.088095] smpboot: CPU0: Intel(R) Core(TM) i5-5350U CPU @ 1.80GHz (family: 0x6, model: 0x3d, stepping: 0x4)
[    0.092167] Performance Events: unsupported p6 CPU model 61 no PMU driver, software events only.
[    0.096100] Hierarchical SRCU implementation.
[    0.102002] NMI watchdog: Perf event create on CPU 0 failed with -2
[    0.104007] NMI watchdog: Perf NMI watchdog permanently disabled
[    0.106713] smp: Bringing up secondary CPUs ...
[    0.108121] x86: Booting SMP configuration:
[    0.109797] .... node  #0, CPUs:      #1
[    0.004000] kvm-clock: cpu 1, msr 0:3ff44041, secondary cpu clock
[    0.004000] mce: CPU supports 0 MCE banks
[    0.135563] smp: Brought up 1 node, 2 CPUs
[    0.136016] smpboot: Max logical packages: 1
[    0.140010] smpboot: Total of 2 processors activated (7199.99 BogoMIPS)
[    0.142738] devtmpfs: initialized
[    0.144061] x86/mm: Memory block size: 128MB
[    0.148159] evm: security.selinux
[    0.152003] evm: security.SMACK64
[    0.154064] evm: security.SMACK64EXEC
[    0.155621] evm: security.SMACK64TRANSMUTE
[    0.156005] evm: security.SMACK64MMAP
[    0.157998] evm: security.apparmor
[    0.159321] evm: security.ima
[    0.160004] evm: security.capability
[    0.161450] clocksource: jiffies: mask: 0xffffffff max_cycles: 0xffffffff, max_idle_ns: 7645041785100000 ns
[    0.164013] futex hash table entries: 512 (order: 3, 32768 bytes)
[    0.168092] pinctrl core: initialized pinctrl subsystem
[    0.174206] RTC time: 11:54:54, date: 10/19/19
[    0.176217] NET: Registered protocol family 16
[    0.178688] audit: initializing netlink subsys (disabled)
[    0.180045] audit: type=2000 audit(1571486100.523:1): state=initialized audit_enabled=0 res=1
[    0.212013] cpuidle: using governor ladder
[    0.216015] cpuidle: using governor menu
[    0.220061] ACPI: bus type PCI registered
[    0.222989] acpiphp: ACPI Hot Plug PCI Controller Driver version: 0.5
[    0.224168] PCI: Using configuration type 1 for base access
[    0.229264] HugeTLB registered 2.00 MiB page size, pre-allocated 0 pages
[    0.232129] ACPI: Added _OSI(Module Device)
[    0.236270] ACPI: Added _OSI(Processor Device)
[    0.240011] ACPI: Added _OSI(3.0 _SCP Extensions)
[    0.241965] ACPI: Added _OSI(Processor Aggregator Device)
[    0.244009] ACPI: Added _OSI(Linux-Dell-Video)
[    0.245809] ACPI: Added _OSI(Linux-Lenovo-NV-HDMI-Audio)
[    0.248011] ACPI: Added _OSI(Linux-HPI-Hybrid-Graphics)
[    0.250966] ACPI: Executed 1 blocks of module-level executable AML code
[    0.262623] ACPI: Interpreter enabled
[    0.264033] ACPI: (supports S0 S5)
[    0.265612] ACPI: Using IOAPIC for interrupt routing
[    0.268335] PCI: Using host bridge windows from ACPI; if necessary, use "pci=nocrs" and report a bug
[    0.272413] ACPI: Enabled 2 GPEs in block 00 to 07
[    0.309660] ACPI: PCI Root Bridge [PCI0] (domain 0000 [bus 00-ff])
[    0.312027] acpi PNP0A03:00: _OSC: OS supports [ASPM ClockPM Segments MSI]
[    0.316079] acpi PNP0A03:00: _OSC: not requesting OS control; OS requires [ExtendedConfig ASPM ClockPM MSI]
[    0.320043] acpi PNP0A03:00: fail to add MMCONFIG information, can't access extended PCI configuration space under this bridge.
[    0.328497] PCI host bridge to bus 0000:00
[    0.332022] pci_bus 0000:00: root bus resource [io  0x0000-0x0cf7 window]
[    0.336015] pci_bus 0000:00: root bus resource [io  0x0d00-0xffff window]
[    0.340018] pci_bus 0000:00: root bus resource [mem 0x000a0000-0x000bffff window]
[    0.344016] pci_bus 0000:00: root bus resource [mem 0x40000000-0xfdffffff window]
[    0.348017] pci_bus 0000:00: root bus resource [bus 00-ff]
[    0.359667] pci 0000:00:01.1: legacy IDE quirk: reg 0x10: [io  0x01f0-0x01f7]
[    0.360010] pci 0000:00:01.1: legacy IDE quirk: reg 0x14: [io  0x03f6]
[    0.364015] pci 0000:00:01.1: legacy IDE quirk: reg 0x18: [io  0x0170-0x0177]
[    0.368014] pci 0000:00:01.1: legacy IDE quirk: reg 0x1c: [io  0x0376]
[    0.412719] pci 0000:00:07.0: quirk: [io  0x4000-0x403f] claimed by PIIX4 ACPI
[    0.416055] pci 0000:00:07.0: quirk: [io  0x4100-0x410f] claimed by PIIX4 SMB
[    0.441707] ACPI: PCI Interrupt Link [LNKA] (IRQs 5 9 10 *11)
[    0.444435] ACPI: PCI Interrupt Link [LNKB] (IRQs 5 9 *10 11)
[    0.448186] ACPI: PCI Interrupt Link [LNKC] (IRQs 5 *9 10 11)
[    0.452351] ACPI: PCI Interrupt Link [LNKD] (IRQs 5 9 10 *11)
[    0.456545] SCSI subsystem initialized
[    0.460067] pci 0000:00:02.0: vgaarb: setting as boot VGA device
[    0.463479] pci 0000:00:02.0: vgaarb: VGA device added: decodes=io+mem,owns=io+mem,locks=none
[    0.464012] pci 0000:00:02.0: vgaarb: bridge control possible
[    0.468007] vgaarb: loaded
[    0.469172] ACPI: bus type USB registered
[    0.472046] usbcore: registered new interface driver usbfs
[    0.473744] usbcore: registered new interface driver hub
[    0.475303] usbcore: registered new device driver usb
[    0.476099] EDAC MC: Ver: 3.0.0
[    0.480074] PCI: Using ACPI for IRQ routing
[    0.482352] NetLabel: Initializing
[    0.484009] NetLabel:  domain hash size = 128
[    0.488005] NetLabel:  protocols = UNLABELED CIPSOv4 CALIPSO
[    0.492034] NetLabel:  unlabeled traffic allowed by default
[    0.496160] clocksource: Switched to clocksource kvm-clock
[    0.534387] VFS: Dsk quotas dquot_6.6.0
[    0.561070] VFS: Dquot-cache hash table entries: 512 (order 0, 4096 bytes)
[    0.54216] Apprmor: AppArmor Filesystem Enabled
[    0.616246] pnp: PnP ACPI init
[    0.619501] pnp: PnP ACPI: found 3 devices

[   0.635161] clocksource: acp_pm: msk: 0xffffff max_cyces: 0xffffff, max_idle_ns: 2085701024 ns
[    0.756663] NET: Registered protocol family 2

[    0.761072] TCP established hash table entries: 8192 (order: 4, 65536 bytes)
[    0.764702] TCP bind hash table entris: 892 (order:5, 131072 bytes)
[    0.838231] TCP: Hash tables configured (established 8192 bind 8192)
[    0.840696] UDP hash tabe entries: 512 (order: 2, 16384 bytes)
[    0.866896] UDP-Lite hash table entries: 512 (order: 2, 16384 bytes)
[    0.869325] NET: Registered protocol family 1
[    0.871000 pci 000:00:00.0: Limting drect PCIPCI transfer
[    1.17604] pci 000:00:1.0: Activating ISA DMA hang workarounds
[    1.097449] pci 0000:00:02.0: Video device with shadowed ROM at [mem 0x000c0000-0x000dffff]
[    1.11269] Unpacking initramfs...

[    1.504439] Freeing initrd memory: 19672K
[    1.508009] clocksource: tsc: mask: 0xffffffffffffffff max_cycles: 0x19f228ab7a2, max_idle_ns: 440795289252 ns
[    1.514185] platform rtc_cmos: registered platform RTC device (no PNP device found)
[    1.519367] Scanning for low memory corruption every 60 seconds
[    1.525390] Initialise system trusted keyrings
[    1.527906] Key type blacklist registered
[    1.534193] workingset: timestamp_bits=36 max_order=18 bucket_order=0
[    1.550304] zbud: loaded
[    1.552483] squashfs: version 4.0 (2009/01/31) Phillip Lougher
[    1.577069] fuse init (API version 7.26)
[    1.588238] Key type asymmetric registered
[    1.589650] Asymmetric key parser 'x509' registered
[    1.591393] Block layer SCSI generic (bsg) driver version 0.4 loaded (major 246)
[    1.594545] io scheduler noop registered
[    1.596421] io scheduler deadline registered
[    1.598206] io scheduler cfq registered (default)
[    1.601538] ACPI: AC Adapter [AC] (off-line)
[    1.613031] input: Power Button as /devices/LNXSYSTM:00/LNXPWRBN:00/input/input0
[    1.637339] ACPI: Power Button [PWRF]
[    1.645780] input: Sleep Button as /devices/LNXSYSTM:00/LNXSLPBN:00/input/input1
[    1.648774] ACPI: Sleep Button [SLPF]
[    1.652422] Serial: 8250/16550 driver, 32 ports, IRQ sharing enabled
[    1.652650] ACPI: Battery Slot [BAT0] (battery present)
[    1.683695] 00:02: ttyS0 at I/O 0x3f8 (irq = 4, base_baud = 115200) is a 16550A
[    1.700509] Linux agpgart interface v0.103
[    1.703525] loop: module loaded
[    1.707473] scsi host0: ata_piix
[    1.712070] scsi host1: ata_piix
[    1.722648] ata1: PATA max UDMA/33 cmd 0x1f0 ctl 0x3f6 bmdma 0xd000 irq 14
[    1.739253] ata2: PATA max UDMA/33 cmd 0x170 ctl 0x376 bmdma 0xd008 irq 15
[    1.755944] libphy: Fixed MDIO Bus: probed
[    1.776959] tun: Universal TUN/TAP device driver, 1.6
[    1.793594] PPP generic driver version 2.4.2
[    1.806221] ehci_hcd: USB 2.0 'Enhanced' Host Controller (EHCI) Driver
[    1.814328] ehci-pci: EHCI PCI platform driver
[    1.816180] ehci-platform: EHCI generic platform driver
[    1.818590] ohci_hcd: USB 1.1 'Open' Host Controller (OHCI) Driver
[    1.837752] ohci-pci: OHCI PCI platform driver
[    1.854530] ohci-platform: OHCI generic platform driver
[    1.861788] uhci_hcd: USB Universal Host Controller Interface driver
[    1.864728] i8042: PNP: PS/2 Controller [PNP0303:PS2K,PNP0f03:PS2M] at 0x60,0x64 irq 1,12
[    1.869669] serio: i8042 KBD port at 0x60,0x64 irq 1
[    1.871833] serio: i8042 AUX port at 0x60,0x64 irq 12
[    1.873890] mousedev: PS/2 mouse device common for all mice
[    1.877752] input: AT Translated Set 2 keyboard as /devices/platform/i8042/serio0/input/input2
[    1.881497] rtc_cmos rtc_cmos: rtc core: registered rtc_cmos as rtc0
[    1.883986] rtc_cmos rtc_cmos: alarms up to one day, 114 bytes nvram
[    1.886309] i2c /dev entries driver
[    1.887916] device-mapper: uevent: version 1.0.3
[    1.889787] device-mapper: ioctl: 4.37.0-ioctl (2017-09-20) initialised: dm-devel@redhat.com
[    1.893208] ledtrig-cpu: registered to indicate activity on CPUs
[    1.927963] NET: Registered protocol family 10
[    1.935539] Segment Routing with IPv6
[    1.937082] NET: Registered protocol family 17
[    1.939126] Key type dns_resolver registered
[    1.941136] RAS: Correctable Errors collector initialized.
[    1.943385] sched_clock: Marking stable (1941042950, 0)->(4394477654, -2453434704)
[    1.962744] registered taskstats version 1
[    1.964332] Loading compiled-in X.509 certificates
[    1.969377] Loaded X.509 cert 'Build time autogenerated kernel key: e343dd3e31c9820cf0adf0156bc2eecdcfc394af'
[    1.974031] zswap: loaded using pool lzo/zbud
[    1.981311] Key type big_key registered
[    1.982986] Key type trusted registered
[    1.987171] Key type encrypted registered
[    1.993128] AppArmor: AppArmor sha1 policy hashing enabled
[    1.996456] ima: No TPM chip found, activating TPM-bypass! (rc=-19)
[    1.998767] ima: Allocated hash algorithm: sha1
[    2.000808] evm: HMAC attrs: 0x1
[    2.002690]   Magic number: 7:509:934
[    2.004341] rtc_cmos rtc_cmos: setting system clock to 2019-10-19 11:54:56 UTC (1571486096)
[    2.007788] BIOS EDD facility v0.16 2004-Jun-25, 0 devices found
[    2.013082] EDD information not available.
[    2.034345] Freeing unused kernel image memory: 2424K
[    2.056770] Write protecting the kernel read-only data: 20480k
[    2.066291] Freeing unused kernel image memory: 2008K
[    2.068836] Freeing unused kernel image memory: 1864K
[    2.077852] x86/mm: Checked W+X mappings: passed, no W+X pages found.
[    2.095893] x86/mm: Checking user space page tables
[    2.104803] x86/mm: Checked W+X mappings: passed, no W+X pages found.
Loading, please wait...
starting version 237
[    2.215493] e1000: Intel(R) PRO/1000 Network Driver - version 7.3.21-k8-NAPI
[    2.218312] e1000: Copyright (c) 1999-2006 Intel Corporation.
[    2.226792] Fusion MPT base driver 3.04.20
[    2.228570] Copyright (c) 1999-2008 LSI Corporation
[    2.245829] Fusion MPT SPI Host driver 3.04.20
[    2.261541] AVX2 version of gcm_enc/dec engaged.
[    2.263479] AES CTR mode by8 optimization enabled
[    2.426699] input: ImExPS/2 Generic Explorer Mouse as /devices/platform/i8042/serio1/input/input4
[    2.801269] e1000 0000:00:03.0 eth0: (PCI:33MHz:32-bit) 02:2b:53:00:6c:0a
[    2.804461] e1000 0000:00:03.0 eth0: Intel(R) PRO/1000 Network Connection
[    3.267968] e1000 0000:00:08.0 eth1: (PCI:33MHz:32-bit) 08:00:27:10:81:79
[    3.288355] e1000 0000:00:08.0 eth1: Intel(R) PRO/1000 Network Connection
[    3.292888] mptbase: ioc0: Initiating bringup
[    3.295579] e1000 0000:00:08.0 enp0s8: renamed from eth1
[    3.313810] e1000 0000:00:03.0 enp0s3: renamed from eth0
[    3.417813] ioc0: LSI53C1030 A0: Capabilities={Initiator}
[    4.504645] scsi host2: ioc0: LSI53C1030 A0, FwRev=00000000h, Ports=1, MaxQ=256, IRQ=20
[    5.267814] scsi 2:0:0:0: Direct-Access     VBOX     HARDDISK         1.0  PQ: 0 ANSI: 5
[    5.496911] scsi target2:0:0: Beginning Domain Validation
[    5.520216] scsi target2:0:0: Domain Validation skipping write tests
[    5.522117] scsi target2:0:0: Ending Domain Validation
[    5.523637] scsi target2:0:0: asynchronous
[    5.525311] scsi 2:0:1:0: Direct-Access     VBOX     HARDDISK         1.0  PQ: 0 ANSI: 5
[    6.544205] scsi target2:0:1: Beginning Domain Validation
[    6.547614] random: fast init done
[    6.553198] scsi target2:0:1: Domain Validation skipping write tests
[    6.557562] scsi target2:0:1: Ending Domain Validation
[    6.560633] scsi target2:0:1: asynchronous
[    6.878116] random: systemd-udevd: uninitialized urandom read (16 bytes read)
[    6.878249] sd 2:0:0:0: Attached scsi generic sg0 type 0
[    6.881506] random: systemd-udevd: uninitialized urandom read (16 bytes read)
[    6.883922] sd 2:0:0:0: [sda] 20971520 512-byte logical blocks: (10.7 GB/10.0 GiB)
[    6.885953] random: systemd-udevd: uninitialized urandom read (16 bytes read)
[    6.892913] sd 2:0:1:0: [sdb] 20480 512-byte logical blocks: (10.5 MB/10.0 MiB)
[    6.902260] sd 2:0:0:0: [sda] Write Protect is off
[    6.904582] sd 2:0:1:0: Attached scsi generic sg1 type 0
[    6.908854] sd 2:0:1:0: [sdb] Write Protect is off
[    6.910904] sd 2:0:0:0: [sda] Incomplete mode parameter data
[    6.911064] sd 2:0:1:0: [sdb] Incomplete mode parameter data
[    6.912740] sd 2:0:0:0: [sda] Assuming drive cache: write through
[    6.953766] sd 2:0:1:0: [sdb] Assuming drive cache: write through
[    6.983933]  sda: sda1
[    6.985495] sd 2:0:1:0: [sdb] Attached SCSI disk
[    7.006067] sd 2:0:0:0: [sda] Attached SCSI disk
Begin: Loading essential drivers ... [    8.567117] raid6: sse2x1   gen() 10227 MB/s
[    8.632013] raid6: sse2x1   xor()  6062 MB/s
[    8.692149] raid6: sse2x2   gen() 11199 MB/s
[    8.756359] raid6: sse2x2   xor()  7114 MB/s
[    8.808462] raid6: sse2x4   gen() 13463 MB/s
[    8.877071] raid6: sse2x4   xor()  9208 MB/s
[    8.928606] raid6: avx2x1   gen() 18261 MB/s
[    8.988204] raid6: avx2x1   xor() 12333 MB/s
[    9.048735] raid6: avx2x2   gen() 21359 MB/s
[    9.114097] raid6: avx2x2   xor() 12333 MB/s
[    9.181241] raid6: avx2x4   gen() 24648 MB/s
[    9.237230] raid6: avx2x4   xor() 16000 MB/s
[    9.246640] raid6: using algorithm avx2x4 gen() 24648 MB/s
[    9.248335] raid6: .... xor() 16000 MB/s, rmw enabled
[    9.249783] raid6: using avx2x2 recovery algorithm
[    9.252913] xor: automatically using best checksumming function   avx       
[    9.268820] async_tx: api initialized (async)
done.
Begin: Running /scripts/init-premount ... done.
Begin: Mounting root file system ... Begin: Running /scripts/local-top ... done.
Begin: Running /scripts/local-premount ... [    9.342813] Btrfs loaded, crc32c=crc32c-intel
Scanning for Btrfs filesystems
done.
Warning: fsck not present, so skipping root file system
[    9.401855] EXT4-fs (sda1): mounted filesystem with ordered data mode. Opts: (null)
done.
Begin: Running /scripts/local-bottom ... done.
Begin: Running /scripts/init-bottom ... done.
[    9.850108] ip_tables: (C) 2000-2006 Netfilter Core Team
[    9.884134] systemd[1]: systemd 237 running in system mode. (+PAM +AUDIT +SELINUX +IMA +APPARMOR +SMACK +SYSVINIT +UTMP +LIBCRYPTSETUP +GCRYPT +GNUTLS +ACL +XZ +LZ4 +SECCOMP +BLKID +ELFUTILS +KMOD -IDN2 +IDN -PCRE2 default-hierarchy=hybrid)
[    9.946085] systemd[1]: Detected virtualization oracle.
[    9.953592] systemd[1]: Detected architecture x86-64.

Welcome to [1mUbuntu 18.04.2 LTS[0m!

[    9.994319] systemd[1]: Set hostname to <ubuntu-bionic>.
[   10.693170] systemd[1]: Reached target Swap.
[[0;32m  OK  [0m] Reached target Swap.
[   10.713048] systemd[1]: Reached target User and Group Name Lookups.
[[0;32m  OK  [0m] Reached target User and Group Name Lookups.
[   10.747084] systemd[1]: Created slice System Slice.
[[0;32m  OK  [0m] Created slice System Slice.
[   10.766535] systemd[1]: Listening on LVM2 poll daemon socket.
[[0;32m  OK  [0m] Listening on LVM2 poll daemon socket.
[   10.788919] systemd[1]: Listening on Journal Socket.
[[0;32m  OK  [0m] Listening on Journal Socket.
[   10.815715] systemd[1]: Mounting Kernel Debug File System...
         Mounting Kernel Debug File System...
         Starting Load Kernel Modules...
         Starting Uncomplicated firewall...
         Starting Set the console keyboard layout...
[[0;32m  OK  [0m] Started Forward Password Requests to Wall Directory Watch.
[   10.866522] Loading iSCSI transport class v2.0-870.
[[0;32m  OK  [0m] Listening on Device-mapper event daemon FIFOs.
[[0;32m  OK  [0m] Listening on LVM2 metadata daemon socket.
[   11.301771] iscsi: registered transport (tcp)
         Starting Remount Root and Kernel File Systems...
[[0;32m  OK  [0m] Created slice User and Session Slice.
[[0;32m  OK  [0m] Listening on udev Kernel Socket.
[[0;32m  OK  [0[   11.332363] iscsi: registered transport (iser)
m] Reached target System Time Synchronized.
[[0;32m  OK  [0m] Listening on /dev/initctl Compatibility Named Pipe.
[[0;32m  OK  [0m] Listening on Syslog Socket.
[[0;32m  OK  [0m] Reached target Slices.
[[0;32m  OK  [0m] Listening on[   11.376000] EXT4-fs (sda1): re-mounted. Opts: (null)
 Journal Audit Socket.
         Starting Monitoring of LVM2 mirrors…ng dmeventd or progress polling...
         Mounting POSIX Message Queue File System...
[[0;32m  OK  [0m] Listening on Network Service Netlink Socket.
[[0;32m  OK  [0m] Created slice system-serial\x2dgetty.slice.
[[0;32m  OK  [0m] Listening on Journal Socket (/dev/log).
         Starting Journal Service...
         Starting Create list of required st…ce nodes for the current kernel...
[[0;32m  OK  [0m] Listening on udev Control Socket.
         Starting udev Coldplug all Devices...
         Mounting Huge Pages File System...
[[0;32m  OK  [0m] Set up automount Arbitrary Executab…rmats File System Automount Point.
[[0;32m  OK  [0m] Mounted Kernel Debug File System.
[[0;32m  OK  [0m] Started Load Kernel Modules.
[[0;32m  OK  [0m] Started Uncomplicated firewall.
[[0;32m  OK  [0m] Started Remount Root and Kernel File Systems.
[[0;32m  OK  [0m] Mounted POSIX Message Queue File System.
[[0;32m  OK  [0m] Started Create list of required sta…vice nodes for the current kernel.
[[0;32m  OK  [0m] Mounted Huge Pages File System.
[[0;32m  OK  [0m] Started LVM2 metadata daemon.
         Starting Create Static Device Nodes in /dev...
         Starting Load/Save Random Seed...
         Mounting Kernel Configuration File System...
         Starting Apply Kernel Variables...
         Mounting FUSE Control File System...
[[0;32m  OK  [0m] Started Journal Service.
[[0;32m  OK  [0m] Started Set the console keyboard layout.
[[0;32m  OK  [0m] Mounted Kernel Configuration File System.
[[0;32m  OK  [0m] Started Load/Save Random Seed.
[[0;32m  OK  [0m] Mounted FUSE Control File System.
         Starting Flush Journal to Persistent Storage...
[[0;32m  OK  [0m] Started udev Coldplug all Devices.
[[0;32m  OK  [0m] Started Create Static Device Nodes in /dev.
         Starting udev Kernel Device Manager...
[[0;32m  OK  [0m] Started Monitoring of LVM2 mirrors,…sing dmeventd or progress polling.
[[0;32m  OK  [0m] Reached target Local File Systems (Pre).
[[0;32m  OK  [0m] Reached target Local File Systems.
         Starting Set console font and keymap...
         Starting Tell Plymouth To Write Out Runtime Data...
         Starting ebtables ruleset management...
         Starting AppArmor initialization...
[[0;32m  OK  [0m] Started Apply Kernel Variables.
[[0;32m  OK  [0m] Started Tell Plymouth To Write Out Runtime Data.
[[0;32m  OK  [0m] Started Set console font and keymap.
[[0;32m  OK  [0m] Started udev Kernel Device Manager.
[[0;32m  OK  [0m] Started Dispatch Password Requests to Console Directory Watch.
[[0;32m  OK  [0m] Reached target Local Encrypted Volumes.
[[0;32m  OK  [0m] Started Flush Journal to Persistent Storage.
         Starting Create Volatile Files and Directories...
[[0;32m  OK  [0m] Started ebtables ruleset management.
[[0;32m  OK  [0m] Started Create Volatile Files and Directories.
         Starting Update UTMP about System Boot/Shutdown...
[[0;32m  OK  [0m] Started Update UTMP about System Boot/Shutdown.
[[0;32m  OK  [0m] Found device /dev/ttyS0.
[[0;32m  OK  [0m] Started AppArmor initialization.
         Starting Initial cloud-init job (pre-networking)...
[[0;32m  OK  [0m] Listening on Load/Save RF Kill Switch Status /dev/rfkill Watch.
[   14.976643] cloud-init[519]: Cloud-init v. 18.5-45-g3554ffe8-0ubuntu1~18.04.1 running 'init-local' at Sat, 19 Oct 2019 11:55:09 +0000. Up 14.69 seconds.
[[0;32m  OK  [0m] Started Initial cloud-init job (pre-networking).
[[0;32m  OK  [0m] Reached target Network (Pre).
         Starting Network Service...
[[0;32m  OK  [0m] Started Network Service.
         Starting Network Name Resolution...
         Starting Wait for Network to be Configured...
[[0;32m  OK  [0m] Started Network Name Resolution.
[[0;32m  OK  [0m] Reached target Host and Network Name Lookups.
[[0;32m  OK  [0m] Reached target Network.
[[0;32m  OK  [0m] Started Wait for Network to be Configured.
         Starting Initial cloud-init job (metadata service crawler)...
[   17.558055] cloud-init[697]: Cloud-init v. 18.5-45-g3554ffe8-0ubuntu1~18.04.1 running 'init' at Sat, 19 Oct 2019 11:55:11 +0000. Up 17.30 seconds.
[   17.566262] cloud-init[697]: ci-info: ++++++++++++++++++++++++++++++++++++++Net device info+++++++++++++++++++++++++++++++++++++++
[   17.589297] cloud-init[697]: ci-info: +--------+------+-----------------------------+---------------+--------+-------------------+
[   17.606617] cloud-init[697]: ci-info: | Device |  Up  |           Address           |      Mask     | Scope  |     Hw-Address    |
[   17.614645] cloud-init[697]: ci-info: +--------+------+-----------------------------+---------------+--------+-------------------+
[   17.632080] cloud-init[697]: ci-info: | enp0s3 | True |          10.0.2.15          | 255.255.255.0 | global | 02:2b:53:00:6c:0a |
[   17.651949] cloud-init[697]: ci-info: | enp0s3 | True |  fe80::2b:53ff:fe00:6c0a/64 |       .       |  link  | 02:2b:53:00:6c:0a |
[   17.670624] cloud-init[697]: ci-info: | enp0s8 | True |        192.168.33.10        | 255.255.255.0 | global | 08:00:27:10:81:79 |
[   17.676927] cloud-init[697]: ci-info: | enp0s8 | True | fe80::a00:27ff:fe10:8179/64 |       .       |  link  | 08:00:27:10:81:79 |
[   17.704493] cloud-init[697]: ci-info: |   lo   | True |          127.0.0.1          |   255.0.0.0   |  host  |         .         |
[   17.711526] cloud-init[697]: ci-info: |   lo   | True |           ::1/128           |       .       |  host  |         .         |
[   17.734034] cloud-init[697]: ci-info: +--------+------+-----------------------------+---------------+--------+-------------------+
[   17.754238] cloud-init[697]: ci-info: +++++++++++++++++++++++++++++Route IPv4 info+++++++++++++++++++++++++++++
[   17.772491] cloud-init[697]: ci-info: +-------+--------------+----------+-----------------+-----------+-------+
[   17.790841] cloud-init[697]: ci-info: | Route | Destination  | Gateway  |     Genmask     | Interface | Flags |
[   17.817752] cloud-init[697]: ci-info: +-------+--------------+----------+-----------------+-----------+-------+
[   17.821510] cloud-init[697]: ci-info: |   0   |   0.0.0.0    | 10.0.2.2 |     0.0.0.0     |   enp0s3  |   UG  |
[   17.842803] cloud-init[697]: ci-info: |   1   |   10.0.2.0   | 0.0.0.0  |  255.255.255.0  |   enp0s3  |   U   |
[   17.852319] cloud-init[697]: ci-info: |   2   |   10.0.2.2   | 0.0.0.0  | 255.255.255.255 |   enp0s3  |   UH  |
[   17.856955] cloud-init[697]: ci-info: |   3   | 192.168.33.0 | 0.0.0.0  |  255.255.255.0  |   enp0s8  |   U   |
[   17.860717] cloud-init[697]: ci-info: +-------+--------------+----------+-----------------+-----------+-------+
[   17.864325] cloud-init[697]: ci-info: +++++++++++++++++++Route IPv6 info+++++++++++++++++++
[   17.896620] cloud-init[697]: ci-info: +-------+-------------+---------+-----------+-------+
[   17.925000] cloud-init[697]: ci-info: | Route | Destination | Gateway | Interface | Flags |
[[   17.939469] cloud-init[697]: ci-info: +-------+-------------+---------+-----------+-------+
[0;32m  OK  [0m] Started Initial cloud-init job (metadata service crawler).
[   17.939938] cloud-init[697]: ci-info: |   1   |  fe80::/64  |    ::   |   enp0s8  |   U   |
[[0;32m  OK  [0m] Reached target System Initialization.
[   17.972396] cloud-init[697]: ci-info: |   2   |  fe80::/64  |    ::   |   enp0s3  |   U   |[[0;32m  OK  [0m] Started Discard unused blocks once a week.
[[0;32m  OK  [0m] Started Message of the Day.
         Starting Socket activation for snappy daemon.

         Starting LXD - unix socket.
[   17.984019] [[0;32m  OK  [0m] Listening on ACPID Listen Socket.
cloud-init[697]: ci-info: |   4   |    local    |    ::   |   enp0s3  |   U   |
[[0;32m  OK  [0m] Started ACPI Events Check.
[[0;32m  OK  [0m] Reached target Paths.
[   18.019159] cloud-init[697]: ci-info: |   5   |    local    |    ::   |   enp0s8  |   U   |
[[0;32m  OK  [0m] Started Daily Cleanup of Temporary Directories.
[[0;32m  OK  [0m] Listening on UUID daemon activation socket.
[   18.042244] [[0;32m  OK  [0m] Listening on D-Bus System Message Bus Socket.
[[0;32m  OK  [0m] Listening on Open-iSCSI iscsid Socket.
[[0;32m  OK  [0m] Started Daily apt download activities.
cloud-init[697]: ci-info: |   6   |   ff00::/8  |    ::   |   enp0s8  |   U   |
[[0;32m  OK  [0m] Started Daily apt upgrade and clean activities.
[   18.081619] cloud-init[[0;32m  OK  [0m] Reached target Timers.
[[0;32m  OK  [0m] Reached target Network is Online.
[697]: ci-info: |   7   |   ff00::/8  |    ::   |   enp0s3  |   U   |         Starting Availability of block devices...

[[0;32m  OK  [0m] Reached target Remote File Systems (Pre).
[[0;32m  OK  [0m] Reached target Remote File Systems.
[[0;32m  OK  [0m] Reached target Cloud-config availability.
[[0;32m  OK  [0m] Listening on Socket activation for snappy daemon.
[[0;32m  OK  [0m] Listening on LXD - unix socket.
[[0;32m  OK  [0m] Reached target Sockets.
[[0;32m  OK  [0m] Reached target Basic System.
[   18.096951] cloud-init         Starting System Logging Service...
[697]:          Starting LXD - container startup/shutdown...
ci-info: +-------+-------------+---------+-----------+-------+         Starting Accounts Service...

         Starting Dispatcher daemon for systemd-networkd...
[[0;32m  OK  [0m] Started D-Bus System Message Bus.
[[0;32m  OK  [0m] Started FUSE filesystem for LXC.
         Starting Login Service...
         Starting Permit User Sessions...
[[0;32m  OK  [0m] Started Regular background program processing daemon.
         Starting LSB: Record successful boot for GRUB...
         Starting LSB: automatic crash report generation...
         Starting OpenBSD Secure Shell server...
         Starting Snappy daemon...
         Starting vboxadd.service...
[[0;32m  OK  [0m] Started irqbalance daemon.
[[0;32m  OK  [0m] Started Deferred execution scheduler.
[[0;32m  OK  [0m] Started System Logging Service.
[[0;32m  OK  [0m] Started Availability of block devices.
[[0;32m  OK  [0m] Started LXD - container startup/shutdown.
[[0;32m  OK  [0m] Started Permit User Sessions.
[[0;32m  OK  [0m] Started OpenBSD Secure Shell server.
[[0;32m  OK  [0m] Started Login Service.
[[0;32m  OK  [0m] Started Unattended Upgrades Shutdown.
         Starting Authorization Manager...
         Starting Terminate Plymouth Boot Screen...
         Starting Hold until boot process finishes up...
[[0;32m  OK  [0m] Started Terminate Plymouth Boot Screen.
[[0;32m  OK  [0m] Started Hold until boot process finishes up.
[[0;32m  OK  [0m] Started Serial Getty on ttyS0.
         Starting Set console scheme...
[[0;32m  OK  [0m] Started Set console scheme.
[[0;32m  OK  [0m] Created slice system-getty.slice.
[[0;32m  OK  [0m] Started Getty on tty1.
[[0;32m  OK  [0m] Reached target Login Prompts.
[[0;32m  OK  [0m] Started Dispatcher daemon for systemd-networkd.
[[0;32m  OK  [0m] Started LSB: Record successful boot for GRUB.
[[0;32m  OK  [0m] Started Authorization Manager.
[[0;32m  OK  [0m] Started Accounts Service.
[[0;32m  OK  [0m] Started LSB: automatic crash report generation.
[[0;32m  OK  [0m] Started Snappy daemon.
         Starting Wait until snapd is fully seeded...
[[0;32m  OK  [0m] Started Wait until snapd is fully seeded.
         Starting Apply the settings specified in cloud-config...
[[0;32m  OK  [0m] Started vboxadd.service.
         Starting vboxadd-service.service...
[[0;32m  OK  [0m] Started vboxadd-service.service.
[[0;32m  OK  [0m] Reached target Multi-User System.
[[0;32m  OK  [0m] Reached target Graphical Interface.
         Starting Update UTMP about System Runlevel Changes...
[[0;32m  OK  [0m] Started Update UTMP about System Runlevel Changes.
[   20.348133] cloud-init[1085]: Cloud-init v. 18.5-45-g3554ffe8-0ubuntu1~18.04.1 running 'modules:config' at Sat, 19 Oct 2019 11:55:14 +0000. Up 20.21 seconds.
[[0;32m  OK  [0m] Started Apply the settings specified in cloud-config.
         Starting Execute cloud user/final scripts...
[   21.032589] cloud-init[1204]: Cloud-init v. 18.5-45-g3554ffe8-0ubuntu1~18.04.1 running 'modules:final' at Sat, 19 Oct 2019 11:55:15 +0000. Up 20.82 seconds.
[   21.056169] cloud-init[1204]: Cloud-init v. 18.5-45-g3554ffe8-0ubuntu1~18.04.1 finished at Sat, 19 Oct 2019 11:55:15 +0000. Datasource DataSourceNoCloud [seed=/dev/sdb][dsmode=net].  Up 21.02 seconds
[[0;32m  OK  [0m] Started Execute cloud user/final scripts.
[[0;32m  OK  [0m] Reached target Cloud-init target.

Ubuntu 18.04.2 LTS ubuntu-bionic ttyS0

ubuntu-bionic login: 